[error] Failed to fetch Firebase Project from Studio Workspace because WORKSPACE_SLUG environment variable is empty
[error] Failed to fetch Firebase Project from Studio Workspace because WORKSPACE_SLUG environment variable is empty
[error] Failed to fetch Firebase Project from Studio Workspace because WORKSPACE_SLUG environment variable is empty
[error] Failed to fetch Firebase Project from Studio Workspace because WORKSPACE_SLUG environment variable is empty
[debug] [2025-12-18T22:39:13.158Z] > command requires scopes: ["email","openid","https://www.googleapis.com/auth/cloudplatformprojects.readonly","https://www.googleapis.com/auth/firebase","https://www.googleapis.com/auth/cloud-platform","https://www.googleapis.com/auth/userinfo.email"]
[debug] [2025-12-18T22:39:13.185Z] > command requires scopes: ["email","openid","https://www.googleapis.com/auth/cloudplatformprojects.readonly","https://www.googleapis.com/auth/firebase","https://www.googleapis.com/auth/cloud-platform","https://www.googleapis.com/auth/userinfo.email"]
[debug] [2025-12-18T22:39:20.141Z] Running auto auth
[debug] [2025-12-18T22:39:20.142Z] Running auto auth
[debug] [2025-12-18T22:39:20.225Z] No OAuth tokens found
[debug] [2025-12-18T22:39:20.228Z] >>> [apiv2][query] GET https://cloudbilling.googleapis.com/v1/projects/aviationchat/billingInfo [none]
[debug] [2025-12-18T22:39:20.289Z] No OAuth tokens found
[debug] [2025-12-18T22:39:20.290Z] >>> [apiv2][query] GET https://cloudbilling.googleapis.com/v1/projects/aviationchat/billingInfo [none]
[debug] [2025-12-18T22:39:20.419Z] <<< [apiv2][status] GET https://cloudbilling.googleapis.com/v1/projects/aviationchat/billingInfo 200
[debug] [2025-12-18T22:39:20.423Z] <<< [apiv2][body] GET https://cloudbilling.googleapis.com/v1/projects/aviationchat/billingInfo {"name":"projects/aviationchat/billingInfo","projectId":"aviationchat","billingAccountName":"billingAccounts/013C19-0E1C0E-685F8C","billingEnabled":true}
[debug] [2025-12-18T22:39:20.448Z] No OAuth tokens found
[debug] [2025-12-18T22:39:20.471Z] No OAuth tokens found
[debug] [2025-12-18T22:39:20.471Z] >>> [apiv2][query] GET https://serviceusage.googleapis.com/v1/projects/aviationchat/services/cloudfunctions.googleapis.com [none]
[debug] [2025-12-18T22:39:20.471Z] >>> [apiv2][(partial)header] GET https://serviceusage.googleapis.com/v1/projects/aviationchat/services/cloudfunctions.googleapis.com x-goog-quota-user=projects/aviationchat
[debug] [2025-12-18T22:39:20.475Z] >>> [apiv2][query] GET https://serviceusage.googleapis.com/v1/projects/aviationchat/services/firebaseio.com [none]
[debug] [2025-12-18T22:39:20.475Z] >>> [apiv2][(partial)header] GET https://serviceusage.googleapis.com/v1/projects/aviationchat/services/firebaseio.com x-goog-quota-user=projects/aviationchat
[debug] [2025-12-18T22:39:20.563Z] <<< [apiv2][status] GET https://cloudbilling.googleapis.com/v1/projects/aviationchat/billingInfo 200
[debug] [2025-12-18T22:39:20.563Z] <<< [apiv2][body] GET https://cloudbilling.googleapis.com/v1/projects/aviationchat/billingInfo {"name":"projects/aviationchat/billingInfo","projectId":"aviationchat","billingAccountName":"billingAccounts/013C19-0E1C0E-685F8C","billingEnabled":true}
[debug] [2025-12-18T22:39:20.569Z] No OAuth tokens found
[debug] [2025-12-18T22:39:20.584Z] No OAuth tokens found
[debug] [2025-12-18T22:39:20.584Z] >>> [apiv2][query] GET https://serviceusage.googleapis.com/v1/projects/aviationchat/services/cloudfunctions.googleapis.com [none]
[debug] [2025-12-18T22:39:20.587Z] >>> [apiv2][(partial)header] GET https://serviceusage.googleapis.com/v1/projects/aviationchat/services/cloudfunctions.googleapis.com x-goog-quota-user=projects/aviationchat
[debug] [2025-12-18T22:39:20.592Z] >>> [apiv2][query] GET https://serviceusage.googleapis.com/v1/projects/aviationchat/services/firebaseio.com [none]
[debug] [2025-12-18T22:39:20.592Z] >>> [apiv2][(partial)header] GET https://serviceusage.googleapis.com/v1/projects/aviationchat/services/firebaseio.com x-goog-quota-user=projects/aviationchat
[debug] [2025-12-18T22:39:20.692Z] <<< [apiv2][status] GET https://serviceusage.googleapis.com/v1/projects/aviationchat/services/firebaseio.com 403
[debug] [2025-12-18T22:39:20.692Z] <<< [apiv2][body] GET https://serviceusage.googleapis.com/v1/projects/aviationchat/services/firebaseio.com [omitted]
[debug] [2025-12-18T22:39:20.790Z] <<< [apiv2][status] GET https://serviceusage.googleapis.com/v1/projects/aviationchat/services/firebaseio.com 403
[debug] [2025-12-18T22:39:20.796Z] <<< [apiv2][body] GET https://serviceusage.googleapis.com/v1/projects/aviationchat/services/firebaseio.com [omitted]
[debug] [2025-12-18T22:39:20.834Z] <<< [apiv2][status] GET https://serviceusage.googleapis.com/v1/projects/aviationchat/services/cloudfunctions.googleapis.com 200
[debug] [2025-12-18T22:39:20.835Z] <<< [apiv2][body] GET https://serviceusage.googleapis.com/v1/projects/aviationchat/services/cloudfunctions.googleapis.com [omitted]
[error] Failed to fetch Firebase Project from Studio Workspace because WORKSPACE_SLUG environment variable is empty
[error] Failed to fetch Firebase Project from Studio Workspace because WORKSPACE_SLUG environment variable is empty
[error] Failed to fetch Firebase Project from Studio Workspace because WORKSPACE_SLUG environment variable is empty
[debug] [2025-12-18T22:39:20.855Z] > command requires scopes: ["email","openid","https://www.googleapis.com/auth/cloudplatformprojects.readonly","https://www.googleapis.com/auth/firebase","https://www.googleapis.com/auth/cloud-platform","https://www.googleapis.com/auth/userinfo.email"]
[debug] [2025-12-18T22:39:20.855Z] > authorizing via signed-in user (sudomadhatter@gmail.com)
[debug] [2025-12-18T22:39:20.855Z] No OAuth tokens found
[debug] [2025-12-18T22:39:20.855Z] >>> [apiv2][query] GET https://cloudbilling.googleapis.com/v1/projects/aviationchat/billingInfo [none]
[debug] [2025-12-18T22:39:21.059Z] <<< [apiv2][status] GET https://serviceusage.googleapis.com/v1/projects/aviationchat/services/cloudfunctions.googleapis.com 200
[debug] [2025-12-18T22:39:21.060Z] <<< [apiv2][body] GET https://serviceusage.googleapis.com/v1/projects/aviationchat/services/cloudfunctions.googleapis.com [omitted]
[debug] [2025-12-18T22:39:21.196Z] <<< [apiv2][status] GET https://cloudbilling.googleapis.com/v1/projects/aviationchat/billingInfo 200
[debug] [2025-12-18T22:39:21.196Z] <<< [apiv2][body] GET https://cloudbilling.googleapis.com/v1/projects/aviationchat/billingInfo {"name":"projects/aviationchat/billingInfo","projectId":"aviationchat","billingAccountName":"billingAccounts/013C19-0E1C0E-685F8C","billingEnabled":true}
[error] Failed to fetch Firebase Project from Studio Workspace because WORKSPACE_SLUG environment variable is empty
[debug] [2025-12-18T22:39:21.538Z] > command requires scopes: ["email","openid","https://www.googleapis.com/auth/cloudplatformprojects.readonly","https://www.googleapis.com/auth/firebase","https://www.googleapis.com/auth/cloud-platform","https://www.googleapis.com/auth/userinfo.email"]
[debug] [2025-12-18T22:39:21.538Z] > authorizing via signed-in user (sudomadhatter@gmail.com)
[error] Failed to fetch Firebase Project from Studio Workspace because WORKSPACE_SLUG environment variable is empty
[error] Failed to fetch Firebase Project from Studio Workspace because WORKSPACE_SLUG environment variable is empty
[error] Failed to fetch Firebase Project from Studio Workspace because WORKSPACE_SLUG environment variable is empty
[debug] [2025-12-18T22:39:21.585Z] > command requires scopes: ["email","openid","https://www.googleapis.com/auth/cloudplatformprojects.readonly","https://www.googleapis.com/auth/firebase","https://www.googleapis.com/auth/cloud-platform","https://www.googleapis.com/auth/userinfo.email"]
[debug] [2025-12-18T22:39:21.586Z] > authorizing via signed-in user (sudomadhatter@gmail.com)
[debug] [2025-12-18T22:39:21.586Z] No OAuth tokens found
[debug] [2025-12-18T22:39:21.586Z] >>> [apiv2][query] GET https://cloudbilling.googleapis.com/v1/projects/aviationchat/billingInfo [none]
[error] Failed to fetch Firebase Project from Studio Workspace because WORKSPACE_SLUG environment variable is empty
[error] Failed to fetch Firebase Project from Studio Workspace because WORKSPACE_SLUG environment variable is empty
[error] Failed to fetch Firebase Project from Studio Workspace because WORKSPACE_SLUG environment variable is empty
[debug] [2025-12-18T22:39:21.592Z] > command requires scopes: ["email","openid","https://www.googleapis.com/auth/cloudplatformprojects.readonly","https://www.googleapis.com/auth/firebase","https://www.googleapis.com/auth/cloud-platform","https://www.googleapis.com/auth/userinfo.email"]
[debug] [2025-12-18T22:39:21.592Z] > authorizing via signed-in user (sudomadhatter@gmail.com)
[debug] [2025-12-18T22:39:21.593Z] No OAuth tokens found
[debug] [2025-12-18T22:39:21.593Z] >>> [apiv2][query] GET https://cloudbilling.googleapis.com/v1/projects/aviationchat/billingInfo [none]
[debug] [2025-12-18T22:39:21.673Z] <<< [apiv2][status] GET https://cloudbilling.googleapis.com/v1/projects/aviationchat/billingInfo 200
[debug] [2025-12-18T22:39:21.673Z] <<< [apiv2][body] GET https://cloudbilling.googleapis.com/v1/projects/aviationchat/billingInfo {"name":"projects/aviationchat/billingInfo","projectId":"aviationchat","billingAccountName":"billingAccounts/013C19-0E1C0E-685F8C","billingEnabled":true}
[error] Failed to fetch Firebase Project from Studio Workspace because WORKSPACE_SLUG environment variable is empty
[debug] [2025-12-18T22:39:21.742Z] > command requires scopes: ["email","openid","https://www.googleapis.com/auth/cloudplatformprojects.readonly","https://www.googleapis.com/auth/firebase","https://www.googleapis.com/auth/cloud-platform","https://www.googleapis.com/auth/userinfo.email"]
[debug] [2025-12-18T22:39:21.742Z] > authorizing via signed-in user (sudomadhatter@gmail.com)
[debug] [2025-12-18T22:39:21.752Z] <<< [apiv2][status] GET https://cloudbilling.googleapis.com/v1/projects/aviationchat/billingInfo 200
[debug] [2025-12-18T22:39:21.752Z] <<< [apiv2][body] GET https://cloudbilling.googleapis.com/v1/projects/aviationchat/billingInfo {"name":"projects/aviationchat/billingInfo","projectId":"aviationchat","billingAccountName":"billingAccounts/013C19-0E1C0E-685F8C","billingEnabled":true}
[error] Failed to fetch Firebase Project from Studio Workspace because WORKSPACE_SLUG environment variable is empty
[debug] [2025-12-18T22:39:22.098Z] > command requires scopes: ["email","openid","https://www.googleapis.com/auth/cloudplatformprojects.readonly","https://www.googleapis.com/auth/firebase","https://www.googleapis.com/auth/cloud-platform","https://www.googleapis.com/auth/userinfo.email"]
[debug] [2025-12-18T22:39:22.099Z] > authorizing via signed-in user (sudomadhatter@gmail.com)
